c:\users\wenqi\desktop\b_test\mfc\register\debug\register.pch
c:\users\wenqi\desktop\b_test\mfc\register\debug\vc143.pdb
c:\users\wenqi\desktop\b_test\mfc\register\debug\vc143.idb
c:\users\wenqi\desktop\b_test\mfc\register\debug\pch.obj
c:\users\wenqi\desktop\b_test\mfc\register\debug\cpassword.obj
c:\users\wenqi\desktop\b_test\mfc\register\debug\ceamil.obj
c:\users\wenqi\desktop\b_test\mfc\register\debug\registerdlg.obj
c:\users\wenqi\desktop\b_test\mfc\register\debug\register.obj
c:\users\wenqi\desktop\b_test\mfc\register\debug\cname.obj
c:\users\wenqi\desktop\b_test\mfc\register\debug\crepeat.obj
c:\users\wenqi\desktop\b_test\mfc\register\debug\register.res
c:\users\wenqi\desktop\b_test\mfc\debug\register.pdb
c:\users\wenqi\desktop\b_test\mfc\register\debug\register.tlog\cl.command.1.tlog
c:\users\wenqi\desktop\b_test\mfc\register\debug\register.tlog\cl.read.1.tlog
c:\users\wenqi\desktop\b_test\mfc\register\debug\register.tlog\cl.write.1.tlog
c:\users\wenqi\desktop\b_test\mfc\register\debug\register.tlog\link-cvtres.read.1.tlog
c:\users\wenqi\desktop\b_test\mfc\register\debug\register.tlog\link-cvtres.write.1.tlog
c:\users\wenqi\desktop\b_test\mfc\register\debug\register.tlog\link-mt.read.1.tlog
c:\users\wenqi\desktop\b_test\mfc\register\debug\register.tlog\link-mt.write.1.tlog
c:\users\wenqi\desktop\b_test\mfc\register\debug\register.tlog\link-rc.read.1.tlog
c:\users\wenqi\desktop\b_test\mfc\register\debug\register.tlog\link-rc.write.1.tlog
c:\users\wenqi\desktop\b_test\mfc\register\debug\register.tlog\link.18688-cvtres.read.1.tlog
c:\users\wenqi\desktop\b_test\mfc\register\debug\register.tlog\link.18688-cvtres.write.1.tlog
c:\users\wenqi\desktop\b_test\mfc\register\debug\register.tlog\link.18688-mt.read.1.tlog
c:\users\wenqi\desktop\b_test\mfc\register\debug\register.tlog\link.18688-mt.write.1.tlog
c:\users\wenqi\desktop\b_test\mfc\register\debug\register.tlog\link.18688-rc.read.1.tlog
c:\users\wenqi\desktop\b_test\mfc\register\debug\register.tlog\link.18688-rc.write.1.tlog
c:\users\wenqi\desktop\b_test\mfc\register\debug\register.tlog\link.18688.read.1.tlog
c:\users\wenqi\desktop\b_test\mfc\register\debug\register.tlog\link.18688.write.1.tlog
c:\users\wenqi\desktop\b_test\mfc\register\debug\register.tlog\link.command.1.tlog
c:\users\wenqi\desktop\b_test\mfc\register\debug\register.tlog\link.read.1.tlog
c:\users\wenqi\desktop\b_test\mfc\register\debug\register.tlog\link.write.1.tlog
c:\users\wenqi\desktop\b_test\mfc\register\debug\register.tlog\rc.command.1.tlog
c:\users\wenqi\desktop\b_test\mfc\register\debug\register.tlog\rc.read.1.tlog
c:\users\wenqi\desktop\b_test\mfc\register\debug\register.tlog\rc.write.1.tlog
